  正在验证源
  正在将源远程复制到“47.101.34.71”
  正在验证体系结构
  正在验证体系结构
  正在启动远程生成
  正在编译源:
  main.c
E:\C++\WebServer\main.c(12,17): warning : implicit declaration of function ‘exit’ [-Wimplicit-function-declaration]
E:\C++\WebServer\main.c(12,17): warning :    12 |                 exit(0);
E:\C++\WebServer\main.c(12,17): warning :       |                 ^~~~
E:\C++\WebServer\main.c(3,1): message : include ‘<stdlib.h>’ or provide a declaration of ‘exit’
E:\C++\WebServer\main.c(3,1): message :     2 | #include "server.h"
E:\C++\WebServer\main.c(3,1): message :   +++ |+#include <stdlib.h>
E:\C++\WebServer\main.c(3,1): message :     3 |
E:\C++\WebServer\main.c(12,17): warning : incompatible implicit declaration of built-in function ‘exit’ [-Wbuiltin-declaration-mismatch]
E:\C++\WebServer\main.c(12,17): warning :    12 |                 exit(0);
E:\C++\WebServer\main.c(12,17): warning :       |                 ^~~~
E:\C++\WebServer\main.c(12,17): message : include ‘<stdlib.h>’ or provide a declaration of ‘exit’
E:\C++\WebServer\main.c(16,9): warning : implicit declaration of function ‘chdir’ [-Wimplicit-function-declaration]
E:\C++\WebServer\main.c(16,9): warning :    16 |         chdir(argv[2]);
E:\C++\WebServer\main.c(16,9): warning :       |         ^~~~~
E:\C++\WebServer\main.c(18,31): warning : implicit declaration of function ‘atoi’ [-Wimplicit-function-declaration]
E:\C++\WebServer\main.c(18,31): warning :    18 |         unsigned short port = atoi(argv[1]);
E:\C++\WebServer\main.c(18,31): warning :       |                               ^~~~
E:\C++\WebServer\main.c(18,31): warning : conversion from ‘int’ to ‘short unsigned int’ may change value [-Wconversion]
  server.c
E:\C++\WebServer\server.c(100,45): warning : unused variable ‘flag’ [-Wunused-variable]
E:\C++\WebServer\server.c(100,45): warning :   100 |                                         int flag = 1;
E:\C++\WebServer\server.c(100,45): warning :       |                                             ^~~~
E:\C++\WebServer\server.c(156,23): warning : conversion from ‘ssize_t’ {aka ‘long int’} to ‘int’ may change value [-Wconversion]
E:\C++\WebServer\server.c(156,23): warning :   156 |         while ((len = recv(cfd, tmp, sizeof(tmp), 0)) > 0)
E:\C++\WebServer\server.c(156,23): warning :       |                       ^~~~
E:\C++\WebServer\server.c(161,25): warning : implicit declaration of function ‘memcpy’ [-Wimplicit-function-declaration]
E:\C++\WebServer\server.c(161,25): warning :   161 |                         memcpy(buf + total, tmp, len);
E:\C++\WebServer\server.c(161,25): warning :       |                         ^~~~~~
E:\C++\WebServer\server.c(12,1): message : include ‘<string.h>’ or provide a declaration of ‘memcpy’
E:\C++\WebServer\server.c(12,1): message :    11 | #include <pthread.h>
E:\C++\WebServer\server.c(12,1): message :   +++ |+#include <string.h>
E:\C++\WebServer\server.c(12,1): message :    12 |
E:\C++\WebServer\server.c(161,25): warning : incompatible implicit declaration of built-in function ‘memcpy’ [-Wbuiltin-declaration-mismatch]
E:\C++\WebServer\server.c(161,25): warning :   161 |                         memcpy(buf + total, tmp, len);
E:\C++\WebServer\server.c(161,25): warning :       |                         ^~~~~~
E:\C++\WebServer\server.c(161,25): message : include ‘<string.h>’ or provide a declaration of ‘memcpy’
E:\C++\WebServer\server.c(161,50): warning : conversion to ‘long unsigned int’ from ‘int’ may change the sign of the result [-Wsign-conversion]
E:\C++\WebServer\server.c(161,50): warning :   161 |                         memcpy(buf + total, tmp, len);
E:\C++\WebServer\server.c(161,50): warning :       |                                                  ^~~
E:\C++\WebServer\server.c(174,28): warning : implicit declaration of function ‘strstr’ [-Wimplicit-function-declaration]
E:\C++\WebServer\server.c(174,28): warning :   174 |                 char* pt = strstr(buf, "\r\n");
E:\C++\WebServer\server.c(174,28): warning :       |                            ^~~~~~
E:\C++\WebServer\server.c(174,28): message : include ‘<string.h>’ or provide a declaration of ‘strstr’
E:\C++\WebServer\server.c(174,28): warning : incompatible implicit declaration of built-in function ‘strstr’ [-Wbuiltin-declaration-mismatch]
E:\C++\WebServer\server.c(174,28): message : include ‘<string.h>’ or provide a declaration of ‘strstr’
E:\C++\WebServer\server.c(176,30): warning : conversion from ‘long int’ to ‘int’ may change value [-Wconversion]
E:\C++\WebServer\server.c(176,30): warning :   176 |                 int reqlen = pt - buf;
E:\C++\WebServer\server.c(176,30): warning :       |                              ^~
E:\C++\WebServer\server.c(227,13): warning : implicit declaration of function ‘strcmp’ [-Wimplicit-function-declaration]
E:\C++\WebServer\server.c(227,13): warning :   227 |         if (strcmp(path, "/") == 0)
E:\C++\WebServer\server.c(227,13): warning :       |             ^~~~~~
E:\C++\WebServer\server.c(227,13): message : include ‘<string.h>’ or provide a declaration of ‘strcmp’
E:\C++\WebServer\server.c(269,66): warning : conversion from ‘__off_t’ {aka ‘long int’} to ‘int’ may change value [-Wconversion]
E:\C++\WebServer\server.c(269,66): warning :   269 |                 sendHeadMsg(cfd, 200, "OK", getFileType(file), st.st_size);
E:\C++\WebServer\server.c(269,66): warning :       |                                                                ~~^~~~~~~~
E:\C++\WebServer\server.c(292,23): warning : implicit declaration of function ‘strlen’ [-Wimplicit-function-declaration]
E:\C++\WebServer\server.c(292,23): message : include ‘<string.h>’ or provide a declaration of ‘strlen’
E:\C++\WebServer\server.c(292,23): warning : incompatible implicit declaration of built-in function ‘strlen’ [-Wbuiltin-declaration-mismatch]
E:\C++\WebServer\server.c(292,23): message : include ‘<string.h>’ or provide a declaration of ‘strlen’
E:\C++\WebServer\server.c(314,27): warning : conversion from ‘ssize_t’ {aka ‘long int’} to ‘int’ may change value [-Wconversion]
E:\C++\WebServer\server.c(314,27): warning :   314 |                 int len = read(fd, buf, sizeof(buf));
E:\C++\WebServer\server.c(314,27): warning :       |                           ^~~~
E:\C++\WebServer\server.c(318,40): warning : conversion to ‘size_t’ {aka ‘long unsigned int’} from ‘int’ may change the sign of the result [-Wsign-conversion]
E:\C++\WebServer\server.c(318,40): warning :   318 |                         send(cfd, buf, len, 0);
E:\C++\WebServer\server.c(318,40): warning :       |                                        ^~~
E:\C++\WebServer\server.c(379,39): warning : incompatible implicit declaration of built-in function ‘strlen’ [-Wbuiltin-declaration-mismatch]
E:\C++\WebServer\server.c(379,39): warning :   379 |                         sprintf(buf + strlen(buf),
E:\C++\WebServer\server.c(379,39): warning :       |                                       ^~~~~~
E:\C++\WebServer\server.c(379,39): message : include ‘<string.h>’ or provide a declaration of ‘strlen’
E:\C++\WebServer\server.c(385,39): warning : incompatible implicit declaration of built-in function ‘strlen’ [-Wbuiltin-declaration-mismatch]
E:\C++\WebServer\server.c(385,39): warning :   385 |                         sprintf(buf + strlen(buf),
E:\C++\WebServer\server.c(385,39): warning :       |                                       ^~~~~~
E:\C++\WebServer\server.c(385,39): message : include ‘<string.h>’ or provide a declaration of ‘strlen’
E:\C++\WebServer\server.c(391,32): warning : incompatible implicit declaration of built-in function ‘strlen’ [-Wbuiltin-declaration-mismatch]
E:\C++\WebServer\server.c(391,32): warning :   391 |                 send(cfd, buf, strlen(buf), 0);
E:\C++\WebServer\server.c(391,32): warning :       |                                ^~~~~~
E:\C++\WebServer\server.c(391,32): message : include ‘<string.h>’ or provide a declaration of ‘strlen’
E:\C++\WebServer\server.c(393,17): warning : implicit declaration of function ‘memset’ [-Wimplicit-function-declaration]
E:\C++\WebServer\server.c(393,17): warning :   393 |                 memset(buf, 0, sizeof(buf));
E:\C++\WebServer\server.c(393,17): warning :       |                 ^~~~~~
E:\C++\WebServer\server.c(393,17): message : include ‘<string.h>’ or provide a declaration of ‘memset’
E:\C++\WebServer\server.c(393,17): warning : incompatible implicit declaration of built-in function ‘memset’ [-Wbuiltin-declaration-mismatch]
E:\C++\WebServer\server.c(393,17): message : include ‘<string.h>’ or provide a declaration of ‘memset’
E:\C++\WebServer\server.c(395,17): warning : implicit declaration of function ‘free’ [-Wimplicit-function-declaration]
E:\C++\WebServer\server.c(395,17): warning :   395 |                 free(namelist[i]);
E:\C++\WebServer\server.c(395,17): warning :       |                 ^~~~
E:\C++\WebServer\server.c(12,1): message : include ‘<stdlib.h>’ or provide a declaration of ‘free’
E:\C++\WebServer\server.c(12,1): message :    11 | #include <pthread.h>
E:\C++\WebServer\server.c(12,1): message :   +++ |+#include <stdlib.h>
E:\C++\WebServer\server.c(12,1): message :    12 |
E:\C++\WebServer\server.c(395,17): warning : incompatible implicit declaration of built-in function ‘free’ [-Wbuiltin-declaration-mismatch]
E:\C++\WebServer\server.c(395,17): warning :   395 |                 free(namelist[i]);
E:\C++\WebServer\server.c(395,17): warning :       |                 ^~~~
E:\C++\WebServer\server.c(395,17): message : include ‘<stdlib.h>’ or provide a declaration of ‘free’
E:\C++\WebServer\server.c(399,24): warning : incompatible implicit declaration of built-in function ‘strlen’ [-Wbuiltin-declaration-mismatch]
E:\C++\WebServer\server.c(399,24): warning :   399 |         send(cfd, buf, strlen(buf), 0);
E:\C++\WebServer\server.c(399,24): warning :       |                        ^~~~~~
E:\C++\WebServer\server.c(399,24): message : include ‘<string.h>’ or provide a declaration of ‘strlen’
E:\C++\WebServer\server.c(401,9): warning : incompatible implicit declaration of built-in function ‘free’ [-Wbuiltin-declaration-mismatch]
E:\C++\WebServer\server.c(401,9): warning :   401 |         free(namelist);
E:\C++\WebServer\server.c(401,9): warning :       |         ^~~~
E:\C++\WebServer\server.c(401,9): message : include ‘<stdlib.h>’ or provide a declaration of ‘free’
E:\C++\WebServer\server.c(427,27): warning : implicit declaration of function ‘strrchr’ [-Wimplicit-function-declaration]
E:\C++\WebServer\server.c(427,27): warning :   427 |         const char* dot = strrchr(name, '.');
E:\C++\WebServer\server.c(427,27): warning :       |                           ^~~~~~~
E:\C++\WebServer\server.c(427,27): message : include ‘<string.h>’ or provide a declaration of ‘strrchr’
E:\C++\WebServer\server.c(427,27): warning : incompatible implicit declaration of built-in function ‘strrchr’ [-Wbuiltin-declaration-mismatch]
E:\C++\WebServer\server.c(427,27): message : include ‘<string.h>’ or provide a declaration of ‘strrchr’
E:\C++\WebServer\server.c(487,39): warning : implicit declaration of function ‘isxdigit’ [-Wimplicit-function-declaration]
E:\C++\WebServer\server.c(487,39): warning :   487 |                 if (from[0] == '%' && isxdigit(from[1]) && isxdigit(from[2]))
E:\C++\WebServer\server.c(487,39): warning :       |                                       ^~~~~~~~
E:\C++\WebServer\server.c(12,1): message : include ‘<ctype.h>’ or provide a declaration of ‘isxdigit’
E:\C++\WebServer\server.c(12,1): message :    11 | #include <pthread.h>
E:\C++\WebServer\server.c(12,1): message :   +++ |+#include <ctype.h>
E:\C++\WebServer\server.c(12,1): message :    12 |
E:\C++\WebServer\server.c(491,31): warning : conversion from ‘int’ to ‘char’ may change value [-Wconversion]
E:\C++\WebServer\server.c(491,31): warning :   491 |                         *to = hexit(from[1]) * 16 + hexit(from[2]);
E:\C++\WebServer\server.c(491,31): warning :       |                               ^~~~~
  正在链接对象
  WebServer.vcxproj -> E:\C++\WebServer\bin\x64\Debug\WebServer.out
